This is pdfTeXk, Version 3.141592-1.40.3 (Web2C 7.5.6) (format=pdflatex 2008.8.3)  23 JUL 2009 21:18
entering extended mode
 %&-line parsing enabled.
**/home/jpivarski/work/hepr8.physics.tamu.edu/talks/TDR/tmp/CFT-09-016_temp.tex

(/home/jpivarski/work/hepr8.physics.tamu.edu/talks/TDR/tmp/CFT-09-016_temp.tex
LaTeX2e <2005/12/01>
Babel <v3.8h> and hyphenation patterns for english, usenglishmax, dumylang, noh
yphenation, loaded.
(/home/jpivarski/work/hepr8.physics.tamu.edu/talks/TDR/general/cms-tdr.cls
=======================================================
 
 CMS TDR/NOTE style. Version 1.78
 
 Lucas Taylor, 2009/06/14
 
=======================================================
Document Class: cms-tdr 2006/12/21
(/usr/share/texmf-texlive/tex/latex/base/ifthen.sty
Package: ifthen 2001/05/26 v1.1c Standard LaTeX ifthen package (DPC)
)
Using article 11pt\ option
Using article twoside\ option
Using article a4paper\ option
Using article pdftex\ option
Not using cms note sub-class
(/usr/share/texmf-texlive/tex/latex/base/article.cls
Document Class: article 2005/09/16 v1.4f Standard LaTeX document class
(/usr/share/texmf-texlive/tex/latex/base/size11.clo
File: size11.clo 2005/09/16 v1.4f Standard LaTeX file (size option)
)
\c@part=\count79
\c@section=\count80
\c@subsection=\count81
\c@subsubsection=\count82
\c@paragraph=\count83
\c@subparagraph=\count84
\c@figure=\count85
\c@table=\count86
\abovecaptionskip=\skip41
\belowcaptionskip=\skip42
\bibindent=\dimen102
) (/usr/share/texmf-texlive/tex/latex/fancybox/fancybox.sty
Package: fancybox 2000/09/19 1.3
Style option: `fancybox' v1.3 <2000/09/19> (tvz)
\@fancybox=\box26
\shadowsize=\dimen103
\@Sbox=\box27
\do@VerbBox=\toks14
\the@fancyput=\toks15
\this@fancyput=\toks16
\EndVerbatimTokens=\toks17
\Verbatim@Outfile=\write3
\Verbatim@Infile=\read1
) (/usr/share/texmf-texlive/tex/latex/tools/multicol.sty
Package: multicol 2006/05/18 v1.6g multicolumn formatting (FMi)
\c@tracingmulticols=\count87
\mult@box=\box28
\multicol@leftmargin=\dimen104
\c@unbalance=\count88
\c@collectmore=\count89
\doublecol@number=\count90
\multicoltolerance=\count91
\multicolpretolerance=\count92
\full@width=\dimen105
\page@free=\dimen106
\premulticols=\dimen107
\postmulticols=\dimen108
\multicolsep=\skip43
\multicolbaselineskip=\skip44
\partial@page=\box29
\last@line=\box30
\mult@rightbox=\box31
\mult@grightbox=\box32
\mult@gfirstbox=\box33
\mult@firstbox=\box34
\@tempa=\box35
\@tempa=\box36
\@tempa=\box37
\@tempa=\box38
\@tempa=\box39
\@tempa=\box40
\@tempa=\box41
\@tempa=\box42
\@tempa=\box43
\@tempa=\box44
\@tempa=\box45
\@tempa=\box46
\@tempa=\box47
\@tempa=\box48
\@tempa=\box49
\@tempa=\box50
\@tempa=\box51
\c@columnbadness=\count93
\c@finalcolumnbadness=\count94
\last@try=\dimen109
\multicolovershoot=\dimen110
\multicolundershoot=\dimen111
\mult@nat@firstbox=\box52
\colbreak@box=\box53
) (/usr/share/texmf-texlive/tex/latex/tools/longtable.sty
Package: longtable 2004/02/01 v4.11 Multi-page Table package (DPC)
\LTleft=\skip45
\LTright=\skip46
\LTpre=\skip47
\LTpost=\skip48
\LTchunksize=\count95
\LTcapwidth=\dimen112
\LT@head=\box54
\LT@firsthead=\box55
\LT@foot=\box56
\LT@lastfoot=\box57
\LT@cols=\count96
\LT@rows=\count97
\c@LT@tables=\count98
\c@LT@chunks=\count99
\LT@p@ftn=\toks18
) (/usr/share/texmf-texlive/tex/latex/lineno/lineno.sty
Package: lineno 2005/11/02 line numbers on paragraphs v4.41
\linenopenalty=\count100
\output=\toks19
\linenoprevgraf=\count101
\linenumbersep=\dimen113
\linenumberwidth=\dimen114
\c@linenumber=\count102
\c@pagewiselinenumber=\count103
\c@LN@truepage=\count104
\c@internallinenumber=\count105
\c@internallinenumbers=\count106
\quotelinenumbersep=\dimen115
\bframerule=\dimen116
\bframesep=\dimen117
\bframebox=\box58
LaTeX Info: Redefining \\ on input line 3056.
) (/usr/share/texmf-texlive/tex/latex/fancyhdr/fancyhdr.sty
\fancy@headwidth=\skip49
\f@ncyO@elh=\skip50
\f@ncyO@erh=\skip51
\f@ncyO@olh=\skip52
\f@ncyO@orh=\skip53
\f@ncyO@elf=\skip54
\f@ncyO@erf=\skip55
\f@ncyO@olf=\skip56
\f@ncyO@orf=\skip57
) (/usr/share/texmf-texlive/tex/latex/subfigure/subfigure.sty
Package: subfigure 2002/03/15 v2.1.5 subfigure package
\subfigtopskip=\skip58
\subfigcapskip=\skip59
\subfigcaptopadj=\dimen118
\subfigbottomskip=\skip60
\subfigcapmargin=\dimen119
\subfiglabelskip=\skip61
\c@subfigure=\count107
\c@lofdepth=\count108
\c@subtable=\count109
\c@lotdepth=\count110
****************************************
* Local config file subfigure.cfg used *
****************************************
(/usr/share/texmf-texlive/tex/latex/subfigure/subfigure.cfg)
\subfig@top=\skip62
\subfig@bottom=\skip63
) (/usr/share/texmf-texlive/tex/latex/tools/xspace.sty
Package: xspace 2006/05/08 v1.12 Space after command names (DPC,MH)
) (/usr/share/texmf-texlive/tex/latex/multirow/multirow.sty
\bigstrutjot=\dimen120
) (/usr/share/texmf-texlive/tex/latex/graphics/color.sty
Package: color 2005/11/14 v1.0j Standard LaTeX Color (DPC)
(/etc/texmf/tex/latex/config/color.cfg
File: color.cfg 2007/01/18 v1.5 color configuration of teTeX/TeXLive
)
Package color Info: Driver file: pdftex.def on input line 130.
(/usr/share/texmf-texlive/tex/latex/pdftex-def/pdftex.def
File: pdftex.def 2007/01/08 v0.04d Graphics/color for pdfTeX
\Gread@gobject=\count111
)) (/usr/share/texmf-texlive/tex/latex/amsmath/amsmath.sty
Package: amsmath 2000/07/18 v2.13 AMS math features
\@mathmargin=\skip64
For additional information on amsmath, use the `?' option.
(/usr/share/texmf-texlive/tex/latex/amsmath/amstext.sty
Package: amstext 2000/06/29 v2.01
(/usr/share/texmf-texlive/tex/latex/amsmath/amsgen.sty
File: amsgen.sty 1999/11/30 v2.0
\@emptytoks=\toks20
\ex@=\dimen121
)) (/usr/share/texmf-texlive/tex/latex/amsmath/amsbsy.sty
Package: amsbsy 1999/11/29 v1.2d
\pmbraise@=\dimen122
) (/usr/share/texmf-texlive/tex/latex/amsmath/amsopn.sty
Package: amsopn 1999/12/14 v2.01 operator names
)
\inf@bad=\count112
LaTeX Info: Redefining \frac on input line 211.
\uproot@=\count113
\leftroot@=\count114
LaTeX Info: Redefining \overline on input line 307.
\classnum@=\count115
\DOTSCASE@=\count116
LaTeX Info: Redefining \ldots on input line 379.
LaTeX Info: Redefining \dots on input line 382.
LaTeX Info: Redefining \cdots on input line 467.
\Mathstrutbox@=\box59
\strutbox@=\box60
\big@size=\dimen123
LaTeX Font Info:    Redeclaring font encoding OML on input line 567.
LaTeX Font Info:    Redeclaring font encoding OMS on input line 568.
\macc@depth=\count117
\c@MaxMatrixCols=\count118
\dotsspace@=\muskip10
\c@parentequation=\count119
\dspbrk@lvl=\count120
\tag@help=\toks21
\row@=\count121
\column@=\count122
\maxfields@=\count123
\andhelp@=\toks22
\eqnshift@=\dimen124
\alignsep@=\dimen125
\tagshift@=\dimen126
\tagwidth@=\dimen127
\totwidth@=\dimen128
\lineht@=\dimen129
\@envbody=\toks23
\multlinegap=\skip65
\multlinetaggap=\skip66
\mathdisplay@stack=\toks24
LaTeX Info: Redefining \[ on input line 2666.
LaTeX Info: Redefining \] on input line 2667.
) (/usr/share/texmf-texlive/tex/latex/amsfonts/amssymb.sty
Package: amssymb 2002/01/22 v2.2d
(/usr/share/texmf-texlive/tex/latex/amsfonts/amsfonts.sty
Package: amsfonts 2001/10/25 v2.2f
\symAMSa=\mathgroup4
\symAMSb=\mathgroup5
LaTeX Font Info:    Overwriting math alphabet `\mathfrak' in version `bold'
(Font)                  U/euf/m/n --> U/euf/b/n on input line 132.
)) (/home/jpivarski/work/hepr8.physics.tamu.edu/talks/TDR/general/topcapt.sty
Package: topcapt 2004/12/11 v1.2 Caption at top of float
)
(/home/jpivarski/work/hepr8.physics.tamu.edu/talks/TDR/general/pdfdraftcopy.sty
Package: pdfdraftcopy 2003/08/11 1.2 Draft copy in PDF (CVR)
(/usr/share/texmf-texlive/tex/latex/graphics/graphicx.sty
Package: graphicx 1999/02/16 v1.0f Enhanced LaTeX Graphics (DPC,SPQR)
(/usr/share/texmf-texlive/tex/latex/graphics/keyval.sty
Package: keyval 1999/03/16 v1.13 key=value parser (DPC)
\KV@toks@=\toks25
) (/usr/share/texmf-texlive/tex/latex/graphics/graphics.sty
Package: graphics 2006/02/20 v1.0o Standard LaTeX Graphics (DPC,SPQR)
(/usr/share/texmf-texlive/tex/latex/graphics/trig.sty
Package: trig 1999/03/16 v1.09 sin cos tan (DPC)
) (/etc/texmf/tex/latex/config/graphics.cfg
File: graphics.cfg 2007/01/18 v1.5 graphics configuration of teTeX/TeXLive
)
Package graphics Info: Driver file: pdftex.def on input line 90.
)
\Gin@req@height=\dimen130
\Gin@req@width=\dimen131
) (/usr/share/texmf-texlive/tex/latex/ltxmisc/chngpage.sty
Package: chngpage 2003/08/10 v1.2 change page layout
\c@cp@cnt=\count124
\c@cp@tempcnt=\count125
)
\LLY=\dimen132
\LLX=\dimen133
\URX=\dimen134
\URY=\dimen135
\topmargin=\dimen136
\bottommargin=\dimen137
) (/usr/share/texmf-texlive/tex/latex/psnfss/palatino.sty
Package: palatino 2005/04/12 PSNFSS-v9.2a (SPQR) 
) (/usr/share/texmf-texlive/tex/latex/psnfss/mathpazo.sty
Package: mathpazo 2005/04/12 PSNFSS-v9.2a Palatino w/ Pazo Math (D.Puga, WaS) 
\symupright=\mathgroup6
) (/usr/share/texmf-texlive/tex/latex/psnfss/helvet.sty
Package: helvet 2005/04/12 PSNFSS-v9.2a (WaS) 
) (/usr/share/texmf-texlive/tex/latex/sectsty/sectsty.sty
Package: sectsty 2002/02/25 v2.0.2 Commands to change all sectional heading sty
les
)
\parskipsaved=\skip67
(/usr/share/texmf-texlive/tex/latex/graphics/lscape.sty
Package: lscape 2000/10/22 v3.01 Landscape Pages (DPC)
) (/usr/share/texmf-texlive/tex/latex/rotating/rotating.sty
Package: rotating 1997/09/26, v2.13 Rotation package
\c@r@tfl@t=\count126
\rot@float@box=\box61
) (/usr/share/texmf-texlive/tex/latex/hyperref/hyperref.sty
Package: hyperref 2007/02/07 v6.75r Hypertext links for LaTeX
\@linkdim=\dimen138
\Hy@linkcounter=\count127
\Hy@pagecounter=\count128
(/usr/share/texmf-texlive/tex/latex/hyperref/pd1enc.def
File: pd1enc.def 2007/02/07 v6.75r Hyperref: PDFDocEncoding definition (HO)
) (/etc/texmf/tex/latex/config/hyperref.cfg
File: hyperref.cfg 2002/06/06 v1.2 hyperref configuration of TeXLive
) (/usr/share/texmf-texlive/tex/latex/oberdiek/kvoptions.sty
Package: kvoptions 2006/08/22 v2.4 Connects package keyval with LaTeX options (
HO)
)
Package hyperref Info: Option `bookmarksnumbered' set `true' on input line 2238
.
Package hyperref Info: Option `bookmarksopen' set `true' on input line 2238.
Package hyperref Info: Option `colorlinks' set `false' on input line 2238.
Package hyperref Info: Option `plainpages' set `false' on input line 2238.
Package hyperref Info: Option `pdfpagelabels' set `true' on input line 2238.
Package hyperref Info: Hyper figures OFF on input line 2288.
Package hyperref Info: Link nesting OFF on input line 2293.
Package hyperref Info: Hyper index ON on input line 2296.
Package hyperref Info: Plain pages OFF on input line 2303.
Package hyperref Info: Backreferencing OFF on input line 2308.
Implicit mode ON; LaTeX internals redefined
Package hyperref Info: Bookmarks ON on input line 2444.
(/usr/share/texmf-texlive/tex/latex/ltxmisc/url.sty
\Urlmuskip=\muskip11
Package: url 2005/06/27  ver 3.2  Verb mode for urls, etc.
)
LaTeX Info: Redefining \url on input line 2599.
\Fld@menulength=\count129
\Field@Width=\dimen139
\Fld@charsize=\dimen140
\Choice@toks=\toks26
\Field@toks=\toks27
Package hyperref Info: Hyper figures OFF on input line 3102.
Package hyperref Info: Link nesting OFF on input line 3107.
Package hyperref Info: Hyper index ON on input line 3110.
Package hyperref Info: backreferencing OFF on input line 3117.
Package hyperref Info: Link coloring OFF on input line 3122.
\Hy@abspage=\count130
\c@Item=\count131
\c@Hfootnote=\count132
)
*hyperref using driver hpdftex*
(/usr/share/texmf-texlive/tex/latex/hyperref/hpdftex.def
File: hpdftex.def 2007/02/07 v6.75r Hyperref driver for pdfTeX
\Fld@listcount=\count133
) (/usr/share/texmf-texlive/tex/latex/natbib/natbib.sty
Package: natbib 2007/02/05 8.0 (PWD)
\bibhang=\skip68
\bibsep=\skip69
LaTeX Info: Redefining \cite on input line 602.
\c@NAT@ctr=\count134
) (/home/jpivarski/work/hepr8.physics.tamu.edu/talks/TDR/general/hypernat.sty
Package: hypernat 2001/07/09 v1.0b hyperref and natbib compatibility (jb)
)
Defining CMS Note commands
\cmsinstskip=\skip70
\cmsauthskip=\skip71
\c@author=\count135
\c@address=\count136
\CMSabstractbox=\box62
) (/home/jpivarski/work/hepr8.physics.tamu.edu/talks/TDR/tmp/CFT-09-016_temp.au
x)
\openout1 = `CFT-09-016_temp.aux'.

LaTeX Font Info:    Checking defaults for OML/cmm/m/it on input line 15.
LaTeX Font Info:    ... okay on input line 15.
LaTeX Font Info:    Checking defaults for T1/cmr/m/n on input line 15.
LaTeX Font Info:    ... okay on input line 15.
LaTeX Font Info:    Checking defaults for OT1/cmr/m/n on input line 15.
LaTeX Font Info:    ... okay on input line 15.
LaTeX Font Info:    Checking defaults for OMS/cmsy/m/n on input line 15.
LaTeX Font Info:    ... okay on input line 15.
LaTeX Font Info:    Checking defaults for OMX/cmex/m/n on input line 15.
LaTeX Font Info:    ... okay on input line 15.
LaTeX Font Info:    Checking defaults for U/cmr/m/n on input line 15.
LaTeX Font Info:    ... okay on input line 15.
LaTeX Font Info:    Checking defaults for PD1/pdf/m/n on input line 15.
LaTeX Font Info:    ... okay on input line 15.
LaTeX Font Info:    Try loading font information for OT1+ppl on input line 15.
(/usr/share/texmf-texlive/tex/latex/psnfss/ot1ppl.fd
File: ot1ppl.fd 2001/06/04 font definitions for OT1/ppl.
)
Package hyperref Info: Link coloring OFF on input line 15.
(/usr/share/texmf-texlive/tex/latex/hyperref/nameref.sty
Package: nameref 2006/12/27 v2.28 Cross-referencing by name of section
(/usr/share/texmf-texlive/tex/latex/oberdiek/refcount.sty
Package: refcount 2006/02/20 v3.0 Data extraction from references (HO)
)
\c@section@level=\count137
)
LaTeX Info: Redefining \ref on input line 15.
LaTeX Info: Redefining \pageref on input line 15.
(/home/jpivarski/work/hepr8.physics.tamu.edu/talks/TDR/tmp/CFT-09-016_temp.out)
(/home/jpivarski/work/hepr8.physics.tamu.edu/talks/TDR/tmp/CFT-09-016_temp.out)
\@outlinefile=\write4
\openout4 = `CFT-09-016_temp.out'.


(/home/jpivarski/work/hepr8.physics.tamu.edu/talks/TDR/general/ptdr-definitions
.tex)
(/home/jpivarski/work/hepr8.physics.tamu.edu/talks/TDR/notes/CFT-09-016/abstrac
t.tex)
Underfull \hbox (badness 10000) in paragraph at lines 1--62

 []

LaTeX Font Info:    Font shape `OT1/ppl/bx/n' in size <14.4> not available
(Font)              Font shape `OT1/ppl/b/n' tried instead on input line 72.
<789FIG cms_draft_paper 0>


pdfTeX warning: pdflatex (file /home/jpivarski/work/hepr8.physics.tamu.edu/talk
s/TDR/general/cms_draft_paper.pdf): PDF inclusion: found PDF version <1.5>, but
 at most version <1.4> allowed
<cms_draft_paper.pdf, id=71, 455.24379pt x 102.42967pt>
File: cms_draft_paper.pdf Graphic file (type pdf)
<use cms_draft_paper.pdf>
LaTeX Font Info:    Try loading font information for OML+zplm on input line 72.

(/usr/share/texmf-texlive/tex/latex/psnfss/omlzplm.fd
File: omlzplm.fd 2002/09/08 Fontinst v1.914 font definitions for OML/zplm.
)
LaTeX Font Info:    Try loading font information for OMS+zplm on input line 72.

(/usr/share/texmf-texlive/tex/latex/psnfss/omszplm.fd
File: omszplm.fd 2002/09/08 Fontinst v1.914 font definitions for OMS/zplm.
)
LaTeX Font Info:    Try loading font information for OMX+zplm on input line 72.

(/usr/share/texmf-texlive/tex/latex/psnfss/omxzplm.fd
File: omxzplm.fd 2002/09/08 Fontinst v1.914 font definitions for OMX/zplm.
)
LaTeX Font Info:    Font shape `U/msa/m/n' will be
(Font)              scaled to size 12.50409pt on input line 72.
LaTeX Font Info:    Font shape `U/msa/m/n' will be
(Font)              scaled to size 9.37807pt on input line 72.
LaTeX Font Info:    Font shape `U/msa/m/n' will be
(Font)              scaled to size 7.29405pt on input line 72.
LaTeX Font Info:    Font shape `U/msb/m/n' will be
(Font)              scaled to size 12.50409pt on input line 72.
LaTeX Font Info:    Font shape `U/msb/m/n' will be
(Font)              scaled to size 9.37807pt on input line 72.
LaTeX Font Info:    Font shape `U/msb/m/n' will be
(Font)              scaled to size 7.29405pt on input line 72.
LaTeX Font Info:    Try loading font information for OT1+zplm on input line 72.

(/usr/share/texmf-texlive/tex/latex/psnfss/ot1zplm.fd
File: ot1zplm.fd 2002/09/08 Fontinst v1.914 font definitions for OT1/zplm.
)
LaTeX Font Info:    Font shape `U/msa/m/n' will be
(Font)              scaled to size 11.40997pt on input line 72.
LaTeX Font Info:    Font shape `U/msa/m/n' will be
(Font)              scaled to size 8.33606pt on input line 72.
LaTeX Font Info:    Font shape `U/msa/m/n' will be
(Font)              scaled to size 6.25204pt on input line 72.
LaTeX Font Info:    Font shape `U/msb/m/n' will be
(Font)              scaled to size 11.40997pt on input line 72.
LaTeX Font Info:    Font shape `U/msb/m/n' will be
(Font)              scaled to size 8.33606pt on input line 72.
LaTeX Font Info:    Font shape `U/msb/m/n' will be
(Font)              scaled to size 6.25204pt on input line 72.

Overfull \hbox (16.25954pt too wide) in paragraph at lines 72--72
[] []
 []


Underfull \hbox (badness 10000) in paragraph at lines 72--72

 []

<789FIG BigDraft 0>
<BigDraft.pdf, id=72, 597.50829pt x 845.0471pt>
File: BigDraft.pdf Graphic file (type pdf)
<use BigDraft.pdf> [1

{/var/lib/texmf/fonts/map/pdftex/updmap/pdftex.map} </home/jpivarski/work/hepr8
.physics.tamu.edu/talks/TDR/general/BigDraft.pdf

pdfTeX warning: pdflatex (file /home/jpivarski/work/hepr8.physics.tamu.edu/talk
s/TDR/general/BigDraft.pdf): PDF inclusion: Page Group detected which pdfTeX ca
n't handle. Ignoring it.
> </home/jpivarski/work/hepr8.physics.tamu.edu/talks/TDR/general/cms_draft_pape
r.pdf>]
<789FIG BigDraft 0>
File: BigDraft.pdf Graphic file (type pdf)
<use BigDraft.pdf> [2

]
LaTeX Font Info:    Try loading font information for OT1+phv on input line 75.
(/usr/share/texmf-texlive/tex/latex/psnfss/ot1phv.fd
File: ot1phv.fd 2001/06/04 scalable font definitions for OT1/phv.
)
LaTeX Font Info:    Font shape `OT1/phv/bx/n' in size <14.4> not available
(Font)              Font shape `OT1/phv/b/n' tried instead on input line 75.
(/home/jpivarski/work/hepr8.physics.tamu.edu/talks/TDR/tmp/CFT-09-016_temp.toc)
\tf@toc=\write5
\openout5 = `CFT-09-016_temp.toc'.


(/home/jpivarski/work/hepr8.physics.tamu.edu/talks/TDR/notes/CFT-09-016/intro_g
eom.tex
LaTeX Font Info:    Font shape `OT1/phv/bx/n' in size <12> not available
(Font)              Font shape `OT1/phv/b/n' tried instead on input line 38.
LaTeX Font Info:    Font shape `OT1/phv/bx/n' in size <10> not available
(Font)              Font shape `OT1/phv/b/n' tried instead on input line 50.
LaTeX Font Info:    Font shape `OT1/phv/bx/n' in size <10.95> not available
(Font)              Font shape `OT1/phv/b/n' tried instead on input line 50.
<789FIG BigDraft 0>
File: BigDraft.pdf Graphic file (type pdf)
<use BigDraft.pdf> [1]
<789FIG plots/intro_geom/muon_system_labeled.pdf 0>
<plots/intro_geom/muon_system_labeled.pdf, id=155, 370.38374pt x 276.03125pt>
File: plots/intro_geom/muon_system_labeled.pdf Graphic file (type pdf)
<use plots/intro_geom/muon_system_labeled.pdf>)
(/home/jpivarski/work/hepr8.physics.tamu.edu/talks/TDR/notes/CFT-09-016/standal
one_dt_alignment.tex
<789FIG BigDraft 1>
File: BigDraft.pdf Graphic file (type pdf)
<use BigDraft.pdf> [2]
<789FIG BigDraft 1>
File: BigDraft.pdf Graphic file (type pdf)
<use BigDraft.pdf> [3 </home/jpivarski/work/hepr8.physics.tamu.edu/talks/TDR/no
tes/CFT-09-016/plots/intro_geom/muon_system_labeled.pdf

pdfTeX warning: pdflatex (file /home/jpivarski/work/hepr8.physics.tamu.edu/talk
s/TDR/notes/CFT-09-016/plots/intro_geom/muon_system_labeled.pdf): PDF inclusion
: Page Group detected which pdfTeX can't handle. Ignoring it.
>]
<789FIG BigDraft 1>
File: BigDraft.pdf Graphic file (type pdf)
<use BigDraft.pdf> [4]
LaTeX Font Info:    Font shape `U/msa/m/n' will be
(Font)              scaled to size 5.21004pt on input line 111.
LaTeX Font Info:    Font shape `U/msb/m/n' will be
(Font)              scaled to size 5.21004pt on input line 111.
<789FIG BigDraft 1>
File: BigDraft.pdf Graphic file (type pdf)
<use BigDraft.pdf> [5]

Package hyperref Warning: Token not allowed in a PDFDocEncoded string,
(hyperref)                removing `math shift' on input line 188.


Package hyperref Warning: Token not allowed in a PDFDocEncoded string,
(hyperref)                removing `\delta' on input line 188.


Package hyperref Warning: Token not allowed in a PDFDocEncoded string,
(hyperref)                removing `subscript' on input line 188.


Package hyperref Warning: Token not allowed in a PDFDocEncoded string,
(hyperref)                removing `math shift' on input line 188.

<789FIG plots/standalone_dt_alignment/internalThickness.pdf 2>

<plots/standalone_dt_alignment/internalThickness.pdf, id=203, 592.2125pt x 395.
4775pt>
File: plots/standalone_dt_alignment/internalThickness.pdf Graphic file (type pd
f)
<use plots/standalone_dt_alignment/internalThickness.pdf>
<789FIG plots/standalone_dt_alignment/xphi014.pdf 2>
<plots/standalone_dt_alignment/xphi014.pdf, id=204, 385.44pt x 569.12625pt>
File: plots/standalone_dt_alignment/xphi014.pdf Graphic file (type pdf)
<use plots/standalone_dt_alignment/xphi014.pdf>
<789FIG plots/standalone_dt_alignment/DiffereceancesAllSurveyTracksST1.pdf 2>

<plots/standalone_dt_alignment/DiffereceancesAllSurveyTracksST1.pdf, id=206, 38
5.44pt x 569.12625pt>
File: plots/standalone_dt_alignment/DiffereceancesAllSurveyTracksST1.pdf Graphi
c file (type pdf)
<use plots/standalone_dt_alignment/DiffereceancesAllSurveyTracksST1.pdf>)
<789FIG BigDraft 3>
File: BigDraft.pdf Graphic file (type pdf)
<use BigDraft.pdf> [6]
LaTeX Font Info:    Font shape `U/msa/m/n' will be
(Font)              scaled to size 10.42007pt on input line 87.
LaTeX Font Info:    Font shape `U/msa/m/n' will be
(Font)              scaled to size 7.91925pt on input line 87.
LaTeX Font Info:    Font shape `U/msb/m/n' will be
(Font)              scaled to size 10.42007pt on input line 87.
LaTeX Font Info:    Font shape `U/msb/m/n' will be
(Font)              scaled to size 7.91925pt on input line 87.
<789FIG BigDraft 3>
File: BigDraft.pdf Graphic file (type pdf)
<use BigDraft.pdf> [7 </home/jpivarski/work/hepr8.physics.tamu.edu/talks/TDR/no
tes/CFT-09-016/plots/standalone_dt_alignment/internalThickness.pdf

pdfTeX warning: pdflatex (file /home/jpivarski/work/hepr8.physics.tamu.edu/talk
s/TDR/notes/CFT-09-016/plots/standalone_dt_alignment/internalThickness.pdf): PD
F inclusion: Page Group detected which pdfTeX can't handle. Ignoring it.
> </home/jpivarski/work/hepr8.physics.tamu.edu/talks/TDR/notes/CFT-09-016/plots
/standalone_dt_alignment/xphi014.pdf> </home/jpivarski/work/hepr8.physics.tamu.
edu/talks/TDR/notes/CFT-09-016/plots/standalone_dt_alignment/DiffereceancesAllS
urveyTracksST1.pdf>]
(/home/jpivarski/work/hepr8.physics.tamu.edu/talks/TDR/notes/CFT-09-016/csc_ove
rlaps_alignment.tex
<789FIG plots/csc_overlaps_alignment/topview_1.pdf 4>

<plots/csc_overlaps_alignment/topview_1.pdf, id=323, 307.53769pt x 128.35275pt>
File: plots/csc_overlaps_alignment/topview_1.pdf Graphic file (type pdf)
<use plots/csc_overlaps_alignment/topview_1.pdf>
<789FIG plots/csc_overlaps_alignment/topview_2.pdf 4>

<plots/csc_overlaps_alignment/topview_2.pdf, id=324, 312.82588pt x 131.35963pt>
File: plots/csc_overlaps_alignment/topview_2.pdf Graphic file (type pdf)
<use plots/csc_overlaps_alignment/topview_2.pdf>
<789FIG plots/csc_overlaps_alignment/sideview.pdf 4>

<plots/csc_overlaps_alignment/sideview.pdf, id=325, 203.80074pt x 168.19223pt>
File: plots/csc_overlaps_alignment/sideview.pdf Graphic file (type pdf)
<use plots/csc_overlaps_alignment/sideview.pdf>
<789FIG BigDraft 4>
File: BigDraft.pdf Graphic file (type pdf)
<use BigDraft.pdf> [8 </home/jpivarski/work/hepr8.physics.tamu.edu/talks/TDR/no
tes/CFT-09-016/plots/csc_overlaps_alignment/topview_1.pdf

pdfTeX warning: pdflatex (file /home/jpivarski/work/hepr8.physics.tamu.edu/talk
s/TDR/notes/CFT-09-016/plots/csc_overlaps_alignment/topview_1.pdf): PDF inclusi
on: Page Group detected which pdfTeX can't handle. Ignoring it.
> </home/jpivarski/work/hepr8.physics.tamu.edu/talks/TDR/notes/CFT-09-016/plots
/csc_overlaps_alignment/topview_2.pdf

pdfTeX warning: pdflatex (file /home/jpivarski/work/hepr8.physics.tamu.edu/talk
s/TDR/notes/CFT-09-016/plots/csc_overlaps_alignment/topview_2.pdf): PDF inclusi
on: Page Group detected which pdfTeX can't handle. Ignoring it.
> </home/jpivarski/work/hepr8.physics.tamu.edu/talks/TDR/notes/CFT-09-016/plots
/csc_overlaps_alignment/sideview.pdf

pdfTeX warning: pdflatex (file /home/jpivarski/work/hepr8.physics.tamu.edu/talk
s/TDR/notes/CFT-09-016/plots/csc_overlaps_alignment/sideview.pdf): PDF inclusio
n: Page Group detected which pdfTeX can't handle. Ignoring it.
>]
<789FIG BigDraft 4>
File: BigDraft.pdf Graphic file (type pdf)
<use BigDraft.pdf> [9]
<789FIG plots/csc_overlaps_alignment/mcchamber_phiy.pdf 5>

<plots/csc_overlaps_alignment/mcchamber_phiy.pdf, id=357, 520.94624pt x 569.126
25pt>
File: plots/csc_overlaps_alignment/mcchamber_phiy.pdf Graphic file (type pdf)
<use plots/csc_overlaps_alignment/mcchamber_phiy.pdf>
<789FIG plots/csc_overlaps_alignment/mcchamber_rphi.pdf 5>

<plots/csc_overlaps_alignment/mcchamber_rphi.pdf, id=358, 520.94624pt x 569.126
25pt>
File: plots/csc_overlaps_alignment/mcchamber_rphi.pdf Graphic file (type pdf)
<use plots/csc_overlaps_alignment/mcchamber_rphi.pdf>
<789FIG plots/csc_overlaps_alignment/mcchamber_phiz.pdf 5>

<plots/csc_overlaps_alignment/mcchamber_phiz.pdf, id=359, 520.94624pt x 569.126
25pt>
File: plots/csc_overlaps_alignment/mcchamber_phiz.pdf Graphic file (type pdf)
<use plots/csc_overlaps_alignment/mcchamber_phiz.pdf>
<789FIG BigDraft 5>
File: BigDraft.pdf Graphic file (type pdf)
<use BigDraft.pdf> [10 </home/jpivarski/work/hepr8.physics.tamu.edu/talks/TDR/n
otes/CFT-09-016/plots/csc_overlaps_alignment/mcchamber_phiy.pdf

pdfTeX warning: pdflatex (file /home/jpivarski/work/hepr8.physics.tamu.edu/talk
s/TDR/notes/CFT-09-016/plots/csc_overlaps_alignment/mcchamber_phiy.pdf): PDF in
clusion: Page Group detected which pdfTeX can't handle. Ignoring it.
> </home/jpivarski/work/hepr8.physics.tamu.edu/talks/TDR/notes/CFT-09-016/plots
/csc_overlaps_alignment/mcchamber_rphi.pdf

pdfTeX warning: pdflatex (file /home/jpivarski/work/hepr8.physics.tamu.edu/talk
s/TDR/notes/CFT-09-016/plots/csc_overlaps_alignment/mcchamber_rphi.pdf): PDF in
clusion: Page Group detected which pdfTeX can't handle. Ignoring it.
> </home/jpivarski/work/hepr8.physics.tamu.edu/talks/TDR/notes/CFT-09-016/plots
/csc_overlaps_alignment/mcchamber_phiz.pdf

pdfTeX warning: pdflatex (file /home/jpivarski/work/hepr8.physics.tamu.edu/talk
s/TDR/notes/CFT-09-016/plots/csc_overlaps_alignment/mcchamber_phiz.pdf): PDF in
clusion: Page Group detected which pdfTeX can't handle. Ignoring it.
>]
<789FIG plots/csc_overlaps_alignment/compare_m21_phiy.pdf 5>

<plots/csc_overlaps_alignment/compare_m21_phiy.pdf, id=379, 306.14375pt x 569.1
2625pt>
File: plots/csc_overlaps_alignment/compare_m21_phiy.pdf Graphic file (type pdf)

<use plots/csc_overlaps_alignment/compare_m21_phiy.pdf>
<789FIG plots/csc_overlaps_alignment/compare_m31_phiy.pdf 5>

<plots/csc_overlaps_alignment/compare_m31_phiy.pdf, id=380, 306.14375pt x 569.1
2625pt>
File: plots/csc_overlaps_alignment/compare_m31_phiy.pdf Graphic file (type pdf)

<use plots/csc_overlaps_alignment/compare_m31_phiy.pdf>
<789FIG plots/csc_overlaps_alignment/compare_m21_x.pdf 5>

<plots/csc_overlaps_alignment/compare_m21_x.pdf, id=381, 306.14375pt x 569.1262
5pt>
File: plots/csc_overlaps_alignment/compare_m21_x.pdf Graphic file (type pdf)
<use plots/csc_overlaps_alignment/compare_m21_x.pdf>
<789FIG plots/csc_overlaps_alignment/compare_m31_x.pdf 5>

<plots/csc_overlaps_alignment/compare_m31_x.pdf, id=382, 306.14375pt x 569.1262
5pt>
File: plots/csc_overlaps_alignment/compare_m31_x.pdf Graphic file (type pdf)
<use plots/csc_overlaps_alignment/compare_m31_x.pdf>
<789FIG plots/csc_overlaps_alignment/compare_m21_phiz.pdf 5>

<plots/csc_overlaps_alignment/compare_m21_phiz.pdf, id=383, 306.14375pt x 569.1
2625pt>
File: plots/csc_overlaps_alignment/compare_m21_phiz.pdf Graphic file (type pdf)

<use plots/csc_overlaps_alignment/compare_m21_phiz.pdf>
<789FIG plots/csc_overlaps_alignment/compare_m31_phiz.pdf 5>

<plots/csc_overlaps_alignment/compare_m31_phiz.pdf, id=384, 306.14375pt x 569.1
2625pt>
File: plots/csc_overlaps_alignment/compare_m31_phiz.pdf Graphic file (type pdf)

<use plots/csc_overlaps_alignment/compare_m31_phiz.pdf>
<789FIG plots/csc_overlaps_alignment/delta_translations_goodcolors.pdf 6>

<plots/csc_overlaps_alignment/delta_translations_goodcolors.pdf, id=385, 520.94
624pt x 569.12625pt>
File: plots/csc_overlaps_alignment/delta_translations_goodcolors.pdf Graphic fi
le (type pdf)
<use plots/csc_overlaps_alignment/delta_translations_goodcolors.pdf>
<789FIG plots/csc_overlaps_alignment/delta_rotations_goodcolors.pdf 6>

<plots/csc_overlaps_alignment/delta_rotations_goodcolors.pdf, id=386, 520.94624
pt x 569.12625pt>
File: plots/csc_overlaps_alignment/delta_rotations_goodcolors.pdf Graphic file 
(type pdf)
<use plots/csc_overlaps_alignment/delta_rotations_goodcolors.pdf>)
<789FIG BigDraft 7>
File: BigDraft.pdf Graphic file (type pdf)
<use BigDraft.pdf> [11 </home/jpivarski/work/hepr8.physics.tamu.edu/talks/TDR/n
otes/CFT-09-016/plots/csc_overlaps_alignment/compare_m21_phiy.pdf

pdfTeX warning: pdflatex (file /home/jpivarski/work/hepr8.physics.tamu.edu/talk
s/TDR/notes/CFT-09-016/plots/csc_overlaps_alignment/compare_m21_phiy.pdf): PDF 
inclusion: Page Group detected which pdfTeX can't handle. Ignoring it.
> </home/jpivarski/work/hepr8.physics.tamu.edu/talks/TDR/notes/CFT-09-016/plots
/csc_overlaps_alignment/compare_m31_phiy.pdf

pdfTeX warning: pdflatex (file /home/jpivarski/work/hepr8.physics.tamu.edu/talk
s/TDR/notes/CFT-09-016/plots/csc_overlaps_alignment/compare_m31_phiy.pdf): PDF 
inclusion: Page Group detected which pdfTeX can't handle. Ignoring it.
> </home/jpivarski/work/hepr8.physics.tamu.edu/talks/TDR/notes/CFT-09-016/plots
/csc_overlaps_alignment/compare_m21_x.pdf

pdfTeX warning: pdflatex (file /home/jpivarski/work/hepr8.physics.tamu.edu/talk
s/TDR/notes/CFT-09-016/plots/csc_overlaps_alignment/compare_m21_x.pdf): PDF inc
lusion: Page Group detected which pdfTeX can't handle. Ignoring it.
> </home/jpivarski/work/hepr8.physics.tamu.edu/talks/TDR/notes/CFT-09-016/plots
/csc_overlaps_alignment/compare_m31_x.pdf

pdfTeX warning: pdflatex (file /home/jpivarski/work/hepr8.physics.tamu.edu/talk
s/TDR/notes/CFT-09-016/plots/csc_overlaps_alignment/compare_m31_x.pdf): PDF inc
lusion: Page Group detected which pdfTeX can't handle. Ignoring it.
> </home/jpivarski/work/hepr8.physics.tamu.edu/talks/TDR/notes/CFT-09-016/plots
/csc_overlaps_alignment/compare_m21_phiz.pdf

pdfTeX warning: pdflatex (file /home/jpivarski/work/hepr8.physics.tamu.edu/talk
s/TDR/notes/CFT-09-016/plots/csc_overlaps_alignment/compare_m21_phiz.pdf): PDF 
inclusion: Page Group detected which pdfTeX can't handle. Ignoring it.
> </home/jpivarski/work/hepr8.physics.tamu.edu/talks/TDR/notes/CFT-09-016/plots
/csc_overlaps_alignment/compare_m31_phiz.pdf

pdfTeX warning: pdflatex (file /home/jpivarski/work/hepr8.physics.tamu.edu/talk
s/TDR/notes/CFT-09-016/plots/csc_overlaps_alignment/compare_m31_phiz.pdf): PDF 
inclusion: Page Group detected which pdfTeX can't handle. Ignoring it.
>]
(/home/jpivarski/work/hepr8.physics.tamu.edu/talks/TDR/notes/CFT-09-016/gma_hip
_algorithm.tex
<789FIG BigDraft 7>
File: BigDraft.pdf Graphic file (type pdf)
<use BigDraft.pdf> [12 </home/jpivarski/work/hepr8.physics.tamu.edu/talks/TDR/n
otes/CFT-09-016/plots/csc_overlaps_alignment/delta_translations_goodcolors.pdf

pdfTeX warning: pdflatex (file /home/jpivarski/work/hepr8.physics.tamu.edu/talk
s/TDR/notes/CFT-09-016/plots/csc_overlaps_alignment/delta_translations_goodcolo
rs.pdf): PDF inclusion: Page Group detected which pdfTeX can't handle. Ignoring
 it.
> </home/jpivarski/work/hepr8.physics.tamu.edu/talks/TDR/notes/CFT-09-016/plots
/csc_overlaps_alignment/delta_rotations_goodcolors.pdf

pdfTeX warning: pdflatex (file /home/jpivarski/work/hepr8.physics.tamu.edu/talk
s/TDR/notes/CFT-09-016/plots/csc_overlaps_alignment/delta_rotations_goodcolors.
pdf): PDF inclusion: Page Group detected which pdfTeX can't handle. Ignoring it
.
>]
Overfull \hbox (13.60144pt too wide) detected at line 107
[] [] \OT1/zplm/m/n/10.95 = [] [] []
 []

<789FIG BigDraft 7>
File: BigDraft.pdf Graphic file (type pdf)
<use BigDraft.pdf> [13]
<789FIG plots/gma_hip_algorithm/exampleData_wh0st1sec10_polybefore.pdf 8>

<plots/gma_hip_algorithm/exampleData_wh0st1sec10_polybefore.pdf, id=436, 306.14
375pt x 569.12625pt>
File: plots/gma_hip_algorithm/exampleData_wh0st1sec10_polybefore.pdf Graphic fi
le (type pdf)
<use plots/gma_hip_algorithm/exampleData_wh0st1sec10_polybefore.pdf>
<789FIG plots/gma_hip_algorithm/exampleData_wh0st1sec10_polyafter.pdf 8>

<plots/gma_hip_algorithm/exampleData_wh0st1sec10_polyafter.pdf, id=437, 306.143
75pt x 569.12625pt>
File: plots/gma_hip_algorithm/exampleData_wh0st1sec10_polyafter.pdf Graphic fil
e (type pdf)
<use plots/gma_hip_algorithm/exampleData_wh0st1sec10_polyafter.pdf>
<789FIG plots/gma_hip_algorithm/exampleData_wh0st1sec10_bellafter.pdf 8>

<plots/gma_hip_algorithm/exampleData_wh0st1sec10_bellafter.pdf, id=438, 306.143
75pt x 569.12625pt>
File: plots/gma_hip_algorithm/exampleData_wh0st1sec10_bellafter.pdf Graphic fil
e (type pdf)
<use plots/gma_hip_algorithm/exampleData_wh0st1sec10_bellafter.pdf>)
(/home/jpivarski/work/hepr8.physics.tamu.edu/talks/TDR/notes/CFT-09-016/gma_mp_
algorithm.tex
<789FIG BigDraft 8>
File: BigDraft.pdf Graphic file (type pdf)
<use BigDraft.pdf> [14]
<789FIG BigDraft 8>
File: BigDraft.pdf Graphic file (type pdf)
<use BigDraft.pdf> [15 </home/jpivarski/work/hepr8.physics.tamu.edu/talks/TDR/n
otes/CFT-09-016/plots/gma_hip_algorithm/exampleData_wh0st1sec10_polybefore.pdf>
 </home/jpivarski/work/hepr8.physics.tamu.edu/talks/TDR/notes/CFT-09-016/plots/
gma_hip_algorithm/exampleData_wh0st1sec10_polyafter.pdf> </home/jpivarski/work/
hepr8.physics.tamu.edu/talks/TDR/notes/CFT-09-016/plots/gma_hip_algorithm/examp
leData_wh0st1sec10_bellafter.pdf>])
(/home/jpivarski/work/hepr8.physics.tamu.edu/talks/TDR/notes/CFT-09-016/mc_and_
syst_studies.tex
<789FIG plots/mc_and_syst_studies/hip_MC.pdf 9>
<plots/mc_and_syst_studies/hip_MC.pdf, id=588, 306.14375pt x 569.12625pt>
File: plots/mc_and_syst_studies/hip_MC.pdf Graphic file (type pdf)
<use plots/mc_and_syst_studies/hip_MC.pdf>
<789FIG plots/mc_and_syst_studies/Millipede_MC_RandomScenario.pdf 9>

<plots/mc_and_syst_studies/Millipede_MC_RandomScenario.pdf, id=589, 569.12625pt
 x 367.3725pt>
File: plots/mc_and_syst_studies/Millipede_MC_RandomScenario.pdf Graphic file (t
ype pdf)
<use plots/mc_and_syst_studies/Millipede_MC_RandomScenario.pdf>
<789FIG BigDraft 9>
File: BigDraft.pdf Graphic file (type pdf)
<use BigDraft.pdf> [16]
<789FIG BigDraft 9>
File: BigDraft.pdf Graphic file (type pdf)
<use BigDraft.pdf> [17 </home/jpivarski/work/hepr8.physics.tamu.edu/talks/TDR/n
otes/CFT-09-016/plots/mc_and_syst_studies/hip_MC.pdf

pdfTeX warning: pdflatex (file /home/jpivarski/work/hepr8.physics.tamu.edu/talk
s/TDR/notes/CFT-09-016/plots/mc_and_syst_studies/hip_MC.pdf): PDF inclusion: Pa
ge Group detected which pdfTeX can't handle. Ignoring it.
> </home/jpivarski/work/hepr8.physics.tamu.edu/talks/TDR/notes/CFT-09-016/plots
/mc_and_syst_studies/Millipede_MC_RandomScenario.pdf

pdfTeX warning: pdflatex (file /home/jpivarski/work/hepr8.physics.tamu.edu/talk
s/TDR/notes/CFT-09-016/plots/mc_and_syst_studies/Millipede_MC_RandomScenario.pd
f): PDF inclusion: Page Group detected which pdfTeX can't handle. Ignoring it.
>])
(/home/jpivarski/work/hepr8.physics.tamu.edu/talks/TDR/notes/CFT-09-016/gma_hip
_results.tex
<789FIG BigDraft 9>
File: BigDraft.pdf Graphic file (type pdf)
<use BigDraft.pdf> [18]
<789FIG plots/gma_hip_results/MP-V4_vs_HIP-V4.pdf 9>

<plots/gma_hip_results/MP-V4_vs_HIP-V4.pdf, id=621, 567.54753pt x 356.74646pt>
File: plots/gma_hip_results/MP-V4_vs_HIP-V4.pdf Graphic file (type pdf)
<use plots/gma_hip_results/MP-V4_vs_HIP-V4.pdf>
<789FIG plots/gma_hip_results/YB0YB1YBm1_V4_38T.pdf 11>

<plots/gma_hip_results/YB0YB1YBm1_V4_38T.pdf, id=624, 272.01625pt x 569.12625pt
>
File: plots/gma_hip_results/YB0YB1YBm1_V4_38T.pdf Graphic file (type pdf)
<use plots/gma_hip_results/YB0YB1YBm1_V4_38T.pdf>
<789FIG plots/validation/meanHisto_HIP_onlyAlign.pdf 11>

<plots/validation/meanHisto_HIP_onlyAlign.pdf, id=625, 318.18875pt x 569.12625p
t>
File: plots/validation/meanHisto_HIP_onlyAlign.pdf Graphic file (type pdf)
<use plots/validation/meanHisto_HIP_onlyAlign.pdf>
<789FIG plots/validation/meanHisto_Millepede.pdf 11>
<plots/validation/meanHisto_Millepede.pdf, id=626, 318.18875pt x 569.12625pt>
File: plots/validation/meanHisto_Millepede.pdf Graphic file (type pdf)
<use plots/validation/meanHisto_Millepede.pdf>

LaTeX Warning: Float too large for page by 41.17096pt on input line 109.

<789FIG BigDraft 11>
File: BigDraft.pdf Graphic file (type pdf)
<use BigDraft.pdf> [19 </home/jpivarski/work/hepr8.physics.tamu.edu/talks/TDR/n
otes/CFT-09-016/plots/gma_hip_results/MP-V4_vs_HIP-V4.pdf

pdfTeX warning: pdflatex (file /home/jpivarski/work/hepr8.physics.tamu.edu/talk
s/TDR/notes/CFT-09-016/plots/gma_hip_results/MP-V4_vs_HIP-V4.pdf): PDF inclusio
n: Page Group detected which pdfTeX can't handle. Ignoring it.
>]
<789FIG BigDraft 11>
File: BigDraft.pdf Graphic file (type pdf)
<use BigDraft.pdf> [20 </home/jpivarski/work/hepr8.physics.tamu.edu/talks/TDR/n
otes/CFT-09-016/plots/gma_hip_results/YB0YB1YBm1_V4_38T.pdf> </home/jpivarski/w
ork/hepr8.physics.tamu.edu/talks/TDR/notes/CFT-09-016/plots/validation/meanHist
o_HIP_onlyAlign.pdf> </home/jpivarski/work/hepr8.physics.tamu.edu/talks/TDR/not
es/CFT-09-016/plots/validation/meanHisto_Millepede.pdf>]
<789FIG plots/monitoring_validation/chargesplitting_withoutalignment.pdf 12>

<plots/monitoring_validation/chargesplitting_withoutalignment.pdf, id=773, 422.
37799pt x 558.085pt>
File: plots/monitoring_validation/chargesplitting_withoutalignment.pdf Graphic 
file (type pdf)
<use plots/monitoring_validation/chargesplitting_withoutalignment.pdf>
<789FIG plots/monitoring_validation/chargesplitting_withalignment.pdf 12>

<plots/monitoring_validation/chargesplitting_withalignment.pdf, id=774, 422.377
99pt x 558.085pt>
File: plots/monitoring_validation/chargesplitting_withalignment.pdf Graphic fil
e (type pdf)
<use plots/monitoring_validation/chargesplitting_withalignment.pdf>)
(/home/jpivarski/work/hepr8.physics.tamu.edu/talks/TDR/notes/CFT-09-016/conclus
ions.tex
<789FIG BigDraft 12>
File: BigDraft.pdf Graphic file (type pdf)
<use BigDraft.pdf> [21 </home/jpivarski/work/hepr8.physics.tamu.edu/talks/TDR/n
otes/CFT-09-016/plots/monitoring_validation/chargesplitting_withoutalignment.pd
f

pdfTeX warning: pdflatex (file /home/jpivarski/work/hepr8.physics.tamu.edu/talk
s/TDR/notes/CFT-09-016/plots/monitoring_validation/chargesplitting_withoutalign
ment.pdf): PDF inclusion: Page Group detected which pdfTeX can't handle. Ignori
ng it.
> </home/jpivarski/work/hepr8.physics.tamu.edu/talks/TDR/notes/CFT-09-016/plots
/monitoring_validation/chargesplitting_withalignment.pdf

pdfTeX warning: pdflatex (file /home/jpivarski/work/hepr8.physics.tamu.edu/talk
s/TDR/notes/CFT-09-016/plots/monitoring_validation/chargesplitting_withalignmen
t.pdf): PDF inclusion: Page Group detected which pdfTeX can't handle. Ignoring 
it.
>]) (/home/jpivarski/work/hepr8.physics.tamu.edu/talks/TDR/tmp/CFT-09-016_temp.
bbl
LaTeX Font Info:    Font shape `OT1/ppl/bx/n' in size <10.95> not available
(Font)              Font shape `OT1/ppl/b/n' tried instead on input line 4.
LaTeX Font Info:    Try loading font information for OT1+pcr on input line 8.
(/usr/share/texmf-texlive/tex/latex/psnfss/ot1pcr.fd
File: ot1pcr.fd 2001/06/04 font definitions for OT1/pcr.
))
<789FIG BigDraft 12>
File: BigDraft.pdf Graphic file (type pdf)
<use BigDraft.pdf> [22] (/home/jpivarski/work/hepr8.physics.tamu.edu/talks/TDR/
tmp/CFT-09-016_temp.aux) ) 
Here is how much of TeX's memory you used:
 5909 strings out of 95086
 83879 string characters out of 1183256
 146339 words of memory out of 1500000
 8717 multiletter control sequences out of 10000+50000
 73838 words of font info for 181 fonts, out of 1200000 for 2000
 32 hyphenation exceptions out of 8191
 41i,14n,45p,624b,376s stack positions out of 5000i,500n,6000p,200000b,5000s
{/usr/share/texmf-texlive/fonts/enc/dvips/base/8r.enc
}</usr/share/texmf-texlive/fonts/type1/bluesky/cm/cmex10.pfb></usr/share/texmf-
texlive/fonts/type1/bluesky/cm/cmmi10.pfb></usr/share/texmf-texlive/fonts/type1
/bluesky/cm/cmr10.pfb></usr/share/texmf-texlive/fonts/type1/bluesky/cm/cmsy10.p
fb></usr/share/texmf-texlive/fonts/type1/public/mathpazo/fplmbi.pfb></usr/share
/texmf-texlive/fonts/type1/public/mathpazo/fplmr.pfb></usr/share/texmf-texlive/
fonts/type1/public/mathpazo/fplmri.pfb></usr/share/texmf-texlive/fonts/type1/bl
uesky/ams/msam10.pfb></usr/share/texmf-texlive/fonts/type1/urw/courier/ucrr8a.p
fb></usr/share/texmf-texlive/fonts/type1/urw/helvetic/uhvb8a.pfb></usr/share/te
xmf-texlive/fonts/type1/urw/helvetic/uhvr8a.pfb></usr/share/texmf-texlive/fonts
/type1/urw/palatino/uplb8a.pfb></usr/share/texmf-texlive/fonts/type1/urw/palati
no/uplbi8a.pfb></usr/share/texmf-texlive/fonts/type1/urw/palatino/uplr8a.pfb></
usr/share/texmf-texlive/fonts/type1/urw/palatino/uplri8a.pfb>
Output written on CFT-09-016_temp.pdf (24 pages, 1799875 bytes).
PDF statistics:
 885 PDF objects out of 1000 (max. 8388607)
 112 named destinations out of 1000 (max. 131072)
 300 words of extra memory for PDF output out of 10000 (max. 10000000)

